2024-11-12T22:02:56.766Z info: GET /hello
2024-11-12T22:03:29.788Z info: GET /login
2024-11-12T22:10:48.045Z info: GET /auth/google
2024-11-12T22:11:44.425Z info: GET /profile
2024-11-12T22:11:44.437Z info: GET /login
2024-11-12T22:12:11.299Z info: GET /failure
2024-11-12T22:25:54.605Z info: GET /hello
2024-11-12T22:25:54.661Z info: GET /favicon.ico
2024-11-12T22:25:54.667Z warn: 404 Not Found: GET /favicon.ico
2024-11-12T22:25:58.720Z info: GET /hello
2024-11-12T22:26:13.446Z info: POST /user/
2024-11-12T22:29:26.319Z info: POST /user/
2024-11-12T22:29:49.195Z info: POST /user/
2024-11-12T22:33:20.180Z info: POST /user/
2024-11-12T22:33:20.188Z error: [object Object]
2024-11-12T22:35:29.037Z info: POST /user/
2024-11-12T22:35:29.044Z error: {"error":"Cannot read properties of undefined (reading 'createUserUseCase')"}
2024-11-12T22:43:14.224Z info: POST /user/
2024-11-12T22:43:14.242Z error: {"error":"Cannot read properties of undefined (reading 'createUserUseCase')"}
2024-11-12T22:58:48.764Z info: POST /user/
2024-11-12T22:58:48.775Z error: {"error":"Cannot read properties of undefined (reading 'createUserUseCase')"}
2024-11-12T23:18:47.724Z info: POST /user/
2024-11-12T23:18:47.732Z error: {"error":"Cannot read properties of undefined (reading 'createUserUseCase')"}
2024-11-12T23:23:01.824Z info: POST /user/
2024-11-12T23:23:01.838Z error: {"error":"Cannot read properties of undefined (reading 'createUserUseCase')"}
